app/build/outputs/mapping/release/seeds.txt
com.idiomasinternacionales.presentation.viewmodel.LeccionViewModel
com.idiomasinternacionales.data.local.AppDatabase
com.idiomasinternacionales.presentation.viewmodel.PerfilViewModel
com.idiomasinternacionales.data.local.AppDatabase_Impl
com.idiomasinternacionales.ui.viewmodel.LoginViewModel
com.idiomasinternacionales.MainActivity_GeneratedInjector
com.idiomasinternacionales.presentation.viewmodel.NotificacionViewModel
com.idiomasinternacionales.IdiomasApp_GeneratedInjector
com.idiomasinternacionales.IdiomasApp
com.idiomasinternacionales.presentation.viewmodel.GamificacionViewModel
com.idiomasinternacionales.presentation.viewmodel.ModuloViewModel
com.idiomasinternacionales.ui.viewmodel.RutaAprendizajeDetailsViewModel
com.idiomasinternacionales.presentation.viewmodel.UsuarioViewModel
com.idiomasinternacionales.presentation.viewmodel.IAViewModel
com.idiomasinternacionales.MainActivity
com.idiomasinternacionales.ui.viewmodel.HomeViewModel
com.idiomasinternacionales.IdiomasApp: IdiomasApp()
com.idiomasinternacionales.model.Nivel: com.idiomasinternacionales.model.Nivel[] values()
com.idiomasinternacionales.model.Nivel: com.idiomasinternacionales.model.Nivel valueOf(java.lang.String)
com.idiomasinternacionales.data.local.AppDatabase_Impl: AppDatabase_Impl()
com.idiomasinternacionales.MainActivity: MainActivity()
com.idiomasinternacionales.data.local.AppDatabase: AppDatabase()
...
kotlinx.coroutines.flow.StateFlowSlot: java.lang.Object _state
com.google.android.gms.internal.measurement.zzfi$zzj: java.lang.String zzap
com.google.android.gms.internal.measurement.zzew$zzd: java.lang.String zzj
com.google.android.gms.internal.measurement.zzfp$zzc: com.google.android.gms.internal.measurement.zzjf zzf
com.google.android.gms.internal.measurement.zzfi$zzj: java.lang.String zzy
com.google.android.gms.internal.measurement.zzfi$zzj: int zze
com.google.android.gms.internal.measurement.zzfi$zzj: java.lang.String zzt
com.google.android.gms.internal.measurement.zzfc$zzb: boolean zzh
com.google.android.gms.internal.measurement.zzew$zzd: int zzf
com.google.android.gms.internal.measurement.zzfi$zzn: com.google.android.gms.internal.measurement.zzkw zzd
com.google.android.gms.internal.measurement.zzfc$zza$zzc: int zzf
com.google.android.gms.internal.measurement.zzfi$zzb: boolean zzi
com.google.android.gms.internal.measurement.zzfi$zzc: com.google.android.gms.internal.measurement.zzfi$zzc zzc
androidx.lifecycle.Lifecycle$Event: androidx.lifecycle.Lifecycle$Event ON_PAUSE
com.google.android.gms.internal.measurement.zzfi$zzj: long zzav
com.google.android.gms.internal.measurement.zzew$zzf: com.google.android.gms.internal.measurement.zzew$zzf zzc
com.google.android.gms.internal.measurement.zzfc$zzc: com.google.android.gms.internal.measurement.zzkw zzd
com.google.android.gms.internal.measurement.zzfp$zzd: double zzk
com.google.android.gms.internal.measurement.zzfc$zzf: com.google.android.gms.internal.measurement.zzfc$zzf zzc
com.google.android.gms.internal.measurement.zzfi$zzh: int zze
androidx.datastore.preferences.protobuf.AbstractMessageLite: int memoizedHashCode
com.google.android.gms.internal.measurement.zzfi$zzi: com.google.android.gms.internal.measurement.zzkw zzd
com.google.android.gms.internal.measurement.zzfc$zzc: java.lang.String zzf
com.google.android.gms.internal.measurement.zzfi$zzb: boolean zzf
com.google.android.gms.internal.measurement.zzew$zzb: java.lang.String zzg
androidx.datastore.preferences.PreferencesProto$Value: androidx.datastore.preferences.PreferencesProto$Value DEFAULT_INSTANCE
com.google.android.gms.common.internal.zzj: android.os.Parcelable$Creator CREATOR
kotlinx.coroutines.internal.ResizableAtomicArray: java.util.concurrent.atomic.AtomicReferenceArray array
com.google.android.gms.internal.measurement.zzfc$zza: int zze
com.google.android.material.datepicker.CalendarConstraints: android.os.Parcelable$Creator CREATOR
kotlinx.coroutines.channels.BufferedChannel: long completedExpandBuffersAndPauseFlag
com.google.android.gms.internal.measurement.zzfi$zzb: boolean zzl
androidx.transition.ChangeBounds$7: androidx.transition.ChangeBounds$ViewBounds mViewBounds
com.google.android.gms.internal.measurement.zzfi$zzg: com.google.android.gms.internal.measurement.zzkw zzd
com.google.android.gms.internal.measurement.zzfc$zzd: int zze
com.google.android.gms.internal.measurement.zzew$zze: int zzf
com.google.android.gms.internal.measurement.zzfi$zzj: long zzk
com.google.android.gms.internal.measurement.zzfi$zzg: com.google.android.gms.internal.measurement.zzfi$zzg zzc
androidx.lifecycle.Lifecycle$Event: androidx.lifecycle.Lifecycle$Event ON_START
com.google.android.gms.measurement.AppMeasurement$ConditionalUserProperty: long mTriggeredTimestamp
com.google.android.gms.measurement.AppMeasurement$ConditionalUserProperty: java.lang.String mExpiredEventName
com.google.android.gms.internal.measurement.zzix: com.google.android.gms.internal.measurement.zzlz zzb
com.google.android.gms.internal.measurement.zzfc$zzf: com.google.android.gms.internal.measurement.zzkw zzd
com.google.android.gms.internal.measurement.zzfc$zzc: com.google.android.gms.internal.measurement.zzfc$zzc zzc
com.google.android.gms.common.internal.GetServiceRequest: android.os.Parcelable$Creator CREATOR
com.google.android.gms.internal.measurement.zzew$zzf: int zze
com.google.android.gms.internal.measurement.zzew$zze: boolean zzi